ARM GAS  /tmp/ccAu6ABa.s 			page 1


   1              		.cpu cortex-m3
   2              		.eabi_attribute 20, 1
   3              		.eabi_attribute 21, 1
   4              		.eabi_attribute 23, 3
   5              		.eabi_attribute 24, 1
   6              		.eabi_attribute 25, 1
   7              		.eabi_attribute 26, 1
   8              		.eabi_attribute 30, 1
   9              		.eabi_attribute 34, 1
  10              		.eabi_attribute 18, 4
  11              		.file	"main.c"
  12              		.text
  13              	.Ltext0:
  14              		.cfi_sections	.debug_frame
  15              		.section	.text.Error_Handler,"ax",%progbits
  16              		.align	1
  17              		.global	Error_Handler
  18              		.syntax unified
  19              		.thumb
  20              		.thumb_func
  21              		.fpu softvfp
  23              	Error_Handler:
  24              	.LFB67:
  25              		.file 1 "Core/Src/main.c"
   1:Core/Src/main.c **** /* USER CODE BEGIN Header */
   2:Core/Src/main.c **** /**
   3:Core/Src/main.c ****   ******************************************************************************
   4:Core/Src/main.c ****   * @file           : main.c
   5:Core/Src/main.c ****   * @brief          : Main program body
   6:Core/Src/main.c ****   ******************************************************************************
   7:Core/Src/main.c ****   * @attention
   8:Core/Src/main.c ****   *
   9:Core/Src/main.c ****   * Copyright (c) 2022 STMicroelectronics.
  10:Core/Src/main.c ****   * All rights reserved.
  11:Core/Src/main.c ****   *
  12:Core/Src/main.c ****   * This software is licensed under terms that can be found in the LICENSE file
  13:Core/Src/main.c ****   * in the root directory of this software component.
  14:Core/Src/main.c ****   * If no LICENSE file comes with this software, it is provided AS-IS.
  15:Core/Src/main.c ****   *
  16:Core/Src/main.c ****   ******************************************************************************
  17:Core/Src/main.c ****   */
  18:Core/Src/main.c **** /* USER CODE END Header */
  19:Core/Src/main.c **** /* Includes ------------------------------------------------------------------*/
  20:Core/Src/main.c **** #include "main.h"
  21:Core/Src/main.c **** 
  22:Core/Src/main.c **** /* Private includes ----------------------------------------------------------*/
  23:Core/Src/main.c **** /* USER CODE BEGIN Includes */
  24:Core/Src/main.c **** 
  25:Core/Src/main.c **** /* USER CODE END Includes */
  26:Core/Src/main.c **** 
  27:Core/Src/main.c **** /* Private typedef -----------------------------------------------------------*/
  28:Core/Src/main.c **** /* USER CODE BEGIN PTD */
  29:Core/Src/main.c **** 
  30:Core/Src/main.c **** /* USER CODE END PTD */
  31:Core/Src/main.c **** 
  32:Core/Src/main.c **** /* Private define ------------------------------------------------------------*/
  33:Core/Src/main.c **** /* USER CODE BEGIN PD */
ARM GAS  /tmp/ccAu6ABa.s 			page 2


  34:Core/Src/main.c **** /* USER CODE END PD */
  35:Core/Src/main.c **** 
  36:Core/Src/main.c **** /* Private macro -------------------------------------------------------------*/
  37:Core/Src/main.c **** /* USER CODE BEGIN PM */
  38:Core/Src/main.c **** 
  39:Core/Src/main.c **** /* USER CODE END PM */
  40:Core/Src/main.c **** 
  41:Core/Src/main.c **** /* Private variables ---------------------------------------------------------*/
  42:Core/Src/main.c **** 
  43:Core/Src/main.c **** /* USER CODE BEGIN PV */
  44:Core/Src/main.c **** 
  45:Core/Src/main.c **** /* USER CODE END PV */
  46:Core/Src/main.c **** 
  47:Core/Src/main.c **** /* Private function prototypes -----------------------------------------------*/
  48:Core/Src/main.c **** void SystemClock_Config(void);
  49:Core/Src/main.c **** /* USER CODE BEGIN PFP */
  50:Core/Src/main.c **** 
  51:Core/Src/main.c **** /* USER CODE END PFP */
  52:Core/Src/main.c **** 
  53:Core/Src/main.c **** /* Private user code ---------------------------------------------------------*/
  54:Core/Src/main.c **** /* USER CODE BEGIN 0 */
  55:Core/Src/main.c **** 
  56:Core/Src/main.c **** /* USER CODE END 0 */
  57:Core/Src/main.c **** 
  58:Core/Src/main.c **** /**
  59:Core/Src/main.c ****   * @brief  The application entry point.
  60:Core/Src/main.c ****   * @retval int
  61:Core/Src/main.c ****   */
  62:Core/Src/main.c **** int main(void)
  63:Core/Src/main.c **** {
  64:Core/Src/main.c ****   /* USER CODE BEGIN 1 */
  65:Core/Src/main.c **** 
  66:Core/Src/main.c ****   /* USER CODE END 1 */
  67:Core/Src/main.c **** 
  68:Core/Src/main.c ****   /* MCU Configuration--------------------------------------------------------*/
  69:Core/Src/main.c **** 
  70:Core/Src/main.c ****   /* Reset of all peripherals, Initializes the Flash interface and the Systick. */
  71:Core/Src/main.c ****   HAL_Init();
  72:Core/Src/main.c **** 
  73:Core/Src/main.c ****   /* USER CODE BEGIN Init */
  74:Core/Src/main.c **** 
  75:Core/Src/main.c ****   /* USER CODE END Init */
  76:Core/Src/main.c **** 
  77:Core/Src/main.c ****   /* Configure the system clock */
  78:Core/Src/main.c ****   SystemClock_Config();
  79:Core/Src/main.c **** 
  80:Core/Src/main.c ****   /* USER CODE BEGIN SysInit */
  81:Core/Src/main.c **** 
  82:Core/Src/main.c ****   /* USER CODE END SysInit */
  83:Core/Src/main.c **** 
  84:Core/Src/main.c ****   /* Initialize all configured peripherals */
  85:Core/Src/main.c ****   /* USER CODE BEGIN 2 */
  86:Core/Src/main.c **** 
  87:Core/Src/main.c ****   /* USER CODE END 2 */
  88:Core/Src/main.c **** 
  89:Core/Src/main.c ****   /* Infinite loop */
  90:Core/Src/main.c ****   /* USER CODE BEGIN WHILE */
ARM GAS  /tmp/ccAu6ABa.s 			page 3


  91:Core/Src/main.c ****   while (1)
  92:Core/Src/main.c ****   {
  93:Core/Src/main.c ****     /* USER CODE END WHILE */
  94:Core/Src/main.c **** 
  95:Core/Src/main.c ****     /* USER CODE BEGIN 3 */
  96:Core/Src/main.c ****   }
  97:Core/Src/main.c ****   /* USER CODE END 3 */
  98:Core/Src/main.c **** }
  99:Core/Src/main.c **** 
 100:Core/Src/main.c **** /**
 101:Core/Src/main.c ****   * @brief System Clock Configuration
 102:Core/Src/main.c ****   * @retval None
 103:Core/Src/main.c ****   */
 104:Core/Src/main.c **** void SystemClock_Config(void)
 105:Core/Src/main.c **** {
 106:Core/Src/main.c ****   RCC_OscInitTypeDef RCC_OscInitStruct = {0};
 107:Core/Src/main.c ****   RCC_ClkInitTypeDef RCC_ClkInitStruct = {0};
 108:Core/Src/main.c **** 
 109:Core/Src/main.c ****   /** Initializes the RCC Oscillators according to the specified parameters
 110:Core/Src/main.c ****   * in the RCC_OscInitTypeDef structure.
 111:Core/Src/main.c ****   */
 112:Core/Src/main.c ****   RCC_OscInitStruct.OscillatorType = RCC_OSCILLATORTYPE_HSI;
 113:Core/Src/main.c ****   RCC_OscInitStruct.HSIState = RCC_HSI_ON;
 114:Core/Src/main.c ****   RCC_OscInitStruct.HSICalibrationValue = RCC_HSICALIBRATION_DEFAULT;
 115:Core/Src/main.c ****   RCC_OscInitStruct.PLL.PLLState = RCC_PLL_NONE;
 116:Core/Src/main.c ****   if (HAL_RCC_OscConfig(&RCC_OscInitStruct) != HAL_OK)
 117:Core/Src/main.c ****   {
 118:Core/Src/main.c ****     Error_Handler();
 119:Core/Src/main.c ****   }
 120:Core/Src/main.c **** 
 121:Core/Src/main.c ****   /** Initializes the CPU, AHB and APB buses clocks
 122:Core/Src/main.c ****   */
 123:Core/Src/main.c ****   RCC_ClkInitStruct.ClockType = RCC_CLOCKTYPE_HCLK|RCC_CLOCKTYPE_SYSCLK
 124:Core/Src/main.c ****                               |RCC_CLOCKTYPE_PCLK1|RCC_CLOCKTYPE_PCLK2;
 125:Core/Src/main.c ****   RCC_ClkInitStruct.SYSCLKSource = RCC_SYSCLKSOURCE_HSI;
 126:Core/Src/main.c ****   RCC_ClkInitStruct.AHBCLKDivider = RCC_SYSCLK_DIV1;
 127:Core/Src/main.c ****   RCC_ClkInitStruct.APB1CLKDivider = RCC_HCLK_DIV1;
 128:Core/Src/main.c ****   RCC_ClkInitStruct.APB2CLKDivider = RCC_HCLK_DIV1;
 129:Core/Src/main.c **** 
 130:Core/Src/main.c ****   if (HAL_RCC_ClockConfig(&RCC_ClkInitStruct, FLASH_LATENCY_0) != HAL_OK)
 131:Core/Src/main.c ****   {
 132:Core/Src/main.c ****     Error_Handler();
 133:Core/Src/main.c ****   }
 134:Core/Src/main.c **** }
 135:Core/Src/main.c **** 
 136:Core/Src/main.c **** /* USER CODE BEGIN 4 */
 137:Core/Src/main.c **** 
 138:Core/Src/main.c **** /* USER CODE END 4 */
 139:Core/Src/main.c **** 
 140:Core/Src/main.c **** /**
 141:Core/Src/main.c ****   * @brief  This function is executed in case of error occurrence.
 142:Core/Src/main.c ****   * @retval None
 143:Core/Src/main.c ****   */
 144:Core/Src/main.c **** void Error_Handler(void)
 145:Core/Src/main.c **** {
  26              		.loc 1 145 0
  27              		.cfi_startproc
ARM GAS  /tmp/ccAu6ABa.s 			page 4


  28              		@ Volatile: function does not return.
  29              		@ args = 0, pretend = 0, frame = 0
  30              		@ frame_needed = 0, uses_anonymous_args = 0
  31              		@ link register save eliminated.
  32              	.LBB4:
  33              	.LBB5:
  34              		.file 2 "Drivers/CMSIS/Include/cmsis_gcc.h"
   1:Drivers/CMSIS/Include/cmsis_gcc.h **** /**************************************************************************//**
   2:Drivers/CMSIS/Include/cmsis_gcc.h ****  * @file     cmsis_gcc.h
   3:Drivers/CMSIS/Include/cmsis_gcc.h ****  * @brief    CMSIS compiler GCC header file
   4:Drivers/CMSIS/Include/cmsis_gcc.h ****  * @version  V5.0.4
   5:Drivers/CMSIS/Include/cmsis_gcc.h ****  * @date     09. April 2018
   6:Drivers/CMSIS/Include/cmsis_gcc.h ****  ******************************************************************************/
   7:Drivers/CMSIS/Include/cmsis_gcc.h **** /*
   8:Drivers/CMSIS/Include/cmsis_gcc.h ****  * Copyright (c) 2009-2018 Arm Limited. All rights reserved.
   9:Drivers/CMSIS/Include/cmsis_gcc.h ****  *
  10:Drivers/CMSIS/Include/cmsis_gcc.h ****  * SPDX-License-Identifier: Apache-2.0
  11:Drivers/CMSIS/Include/cmsis_gcc.h ****  *
  12:Drivers/CMSIS/Include/cmsis_gcc.h ****  * Licensed under the Apache License, Version 2.0 (the License); you may
  13:Drivers/CMSIS/Include/cmsis_gcc.h ****  * not use this file except in compliance with the License.
  14:Drivers/CMSIS/Include/cmsis_gcc.h ****  * You may obtain a copy of the License at
  15:Drivers/CMSIS/Include/cmsis_gcc.h ****  *
  16:Drivers/CMSIS/Include/cmsis_gcc.h ****  * www.apache.org/licenses/LICENSE-2.0
  17:Drivers/CMSIS/Include/cmsis_gcc.h ****  *
  18:Drivers/CMSIS/Include/cmsis_gcc.h ****  * Unless required by applicable law or agreed to in writing, software
  19:Drivers/CMSIS/Include/cmsis_gcc.h ****  * distributed under the License is distributed on an AS IS BASIS, WITHOUT
  20:Drivers/CMSIS/Include/cmsis_gcc.h ****  * WARRANTIES OR CONDITIONS OF ANY KIND, either express or implied.
  21:Drivers/CMSIS/Include/cmsis_gcc.h ****  * See the License for the specific language governing permissions and
  22:Drivers/CMSIS/Include/cmsis_gcc.h ****  * limitations under the License.
  23:Drivers/CMSIS/Include/cmsis_gcc.h ****  */
  24:Drivers/CMSIS/Include/cmsis_gcc.h **** 
  25:Drivers/CMSIS/Include/cmsis_gcc.h **** #ifndef __CMSIS_GCC_H
  26:Drivers/CMSIS/Include/cmsis_gcc.h **** #define __CMSIS_GCC_H
  27:Drivers/CMSIS/Include/cmsis_gcc.h **** 
  28:Drivers/CMSIS/Include/cmsis_gcc.h **** /* ignore some GCC warnings */
  29:Drivers/CMSIS/Include/cmsis_gcc.h **** #pragma GCC diagnostic push
  30:Drivers/CMSIS/Include/cmsis_gcc.h **** #pragma GCC diagnostic ignored "-Wsign-conversion"
  31:Drivers/CMSIS/Include/cmsis_gcc.h **** #pragma GCC diagnostic ignored "-Wconversion"
  32:Drivers/CMSIS/Include/cmsis_gcc.h **** #pragma GCC diagnostic ignored "-Wunused-parameter"
  33:Drivers/CMSIS/Include/cmsis_gcc.h **** 
  34:Drivers/CMSIS/Include/cmsis_gcc.h **** /* Fallback for __has_builtin */
  35:Drivers/CMSIS/Include/cmsis_gcc.h **** #ifndef __has_builtin
  36:Drivers/CMSIS/Include/cmsis_gcc.h ****   #define __has_builtin(x) (0)
  37:Drivers/CMSIS/Include/cmsis_gcc.h **** #endif
  38:Drivers/CMSIS/Include/cmsis_gcc.h **** 
  39:Drivers/CMSIS/Include/cmsis_gcc.h **** /* CMSIS compiler specific defines */
  40:Drivers/CMSIS/Include/cmsis_gcc.h **** #ifndef   __ASM
  41:Drivers/CMSIS/Include/cmsis_gcc.h ****   #define __ASM                                  __asm
  42:Drivers/CMSIS/Include/cmsis_gcc.h **** #endif
  43:Drivers/CMSIS/Include/cmsis_gcc.h **** #ifndef   __INLINE
  44:Drivers/CMSIS/Include/cmsis_gcc.h ****   #define __INLINE                               inline
  45:Drivers/CMSIS/Include/cmsis_gcc.h **** #endif
  46:Drivers/CMSIS/Include/cmsis_gcc.h **** #ifndef   __STATIC_INLINE
  47:Drivers/CMSIS/Include/cmsis_gcc.h ****   #define __STATIC_INLINE                        static inline
  48:Drivers/CMSIS/Include/cmsis_gcc.h **** #endif
  49:Drivers/CMSIS/Include/cmsis_gcc.h **** #ifndef   __STATIC_FORCEINLINE                 
  50:Drivers/CMSIS/Include/cmsis_gcc.h ****   #define __STATIC_FORCEINLINE                   __attribute__((always_inline)) static inline
ARM GAS  /tmp/ccAu6ABa.s 			page 5


  51:Drivers/CMSIS/Include/cmsis_gcc.h **** #endif                                           
  52:Drivers/CMSIS/Include/cmsis_gcc.h **** #ifndef   __NO_RETURN
  53:Drivers/CMSIS/Include/cmsis_gcc.h ****   #define __NO_RETURN                            __attribute__((__noreturn__))
  54:Drivers/CMSIS/Include/cmsis_gcc.h **** #endif
  55:Drivers/CMSIS/Include/cmsis_gcc.h **** #ifndef   __USED
  56:Drivers/CMSIS/Include/cmsis_gcc.h ****   #define __USED                                 __attribute__((used))
  57:Drivers/CMSIS/Include/cmsis_gcc.h **** #endif
  58:Drivers/CMSIS/Include/cmsis_gcc.h **** #ifndef   __WEAK
  59:Drivers/CMSIS/Include/cmsis_gcc.h ****   #define __WEAK                                 __attribute__((weak))
  60:Drivers/CMSIS/Include/cmsis_gcc.h **** #endif
  61:Drivers/CMSIS/Include/cmsis_gcc.h **** #ifndef   __PACKED
  62:Drivers/CMSIS/Include/cmsis_gcc.h ****   #define __PACKED                               __attribute__((packed, aligned(1)))
  63:Drivers/CMSIS/Include/cmsis_gcc.h **** #endif
  64:Drivers/CMSIS/Include/cmsis_gcc.h **** #ifndef   __PACKED_STRUCT
  65:Drivers/CMSIS/Include/cmsis_gcc.h ****   #define __PACKED_STRUCT                        struct __attribute__((packed, aligned(1)))
  66:Drivers/CMSIS/Include/cmsis_gcc.h **** #endif
  67:Drivers/CMSIS/Include/cmsis_gcc.h **** #ifndef   __PACKED_UNION
  68:Drivers/CMSIS/Include/cmsis_gcc.h ****   #define __PACKED_UNION                         union __attribute__((packed, aligned(1)))
  69:Drivers/CMSIS/Include/cmsis_gcc.h **** #endif
  70:Drivers/CMSIS/Include/cmsis_gcc.h **** #ifndef   __UNALIGNED_UINT32        /* deprecated */
  71:Drivers/CMSIS/Include/cmsis_gcc.h ****   #pragma GCC diagnostic push
  72:Drivers/CMSIS/Include/cmsis_gcc.h ****   #pragma GCC diagnostic ignored "-Wpacked"
  73:Drivers/CMSIS/Include/cmsis_gcc.h ****   #pragma GCC diagnostic ignored "-Wattributes"
  74:Drivers/CMSIS/Include/cmsis_gcc.h ****   struct __attribute__((packed)) T_UINT32 { uint32_t v; };
  75:Drivers/CMSIS/Include/cmsis_gcc.h ****   #pragma GCC diagnostic pop
  76:Drivers/CMSIS/Include/cmsis_gcc.h ****   #define __UNALIGNED_UINT32(x)                  (((struct T_UINT32 *)(x))->v)
  77:Drivers/CMSIS/Include/cmsis_gcc.h **** #endif
  78:Drivers/CMSIS/Include/cmsis_gcc.h **** #ifndef   __UNALIGNED_UINT16_WRITE
  79:Drivers/CMSIS/Include/cmsis_gcc.h ****   #pragma GCC diagnostic push
  80:Drivers/CMSIS/Include/cmsis_gcc.h ****   #pragma GCC diagnostic ignored "-Wpacked"
  81:Drivers/CMSIS/Include/cmsis_gcc.h ****   #pragma GCC diagnostic ignored "-Wattributes"
  82:Drivers/CMSIS/Include/cmsis_gcc.h ****   __PACKED_STRUCT T_UINT16_WRITE { uint16_t v; };
  83:Drivers/CMSIS/Include/cmsis_gcc.h ****   #pragma GCC diagnostic pop
  84:Drivers/CMSIS/Include/cmsis_gcc.h ****   #define __UNALIGNED_UINT16_WRITE(addr, val)    (void)((((struct T_UINT16_WRITE *)(void *)(addr))-
  85:Drivers/CMSIS/Include/cmsis_gcc.h **** #endif
  86:Drivers/CMSIS/Include/cmsis_gcc.h **** #ifndef   __UNALIGNED_UINT16_READ
  87:Drivers/CMSIS/Include/cmsis_gcc.h ****   #pragma GCC diagnostic push
  88:Drivers/CMSIS/Include/cmsis_gcc.h ****   #pragma GCC diagnostic ignored "-Wpacked"
  89:Drivers/CMSIS/Include/cmsis_gcc.h ****   #pragma GCC diagnostic ignored "-Wattributes"
  90:Drivers/CMSIS/Include/cmsis_gcc.h ****   __PACKED_STRUCT T_UINT16_READ { uint16_t v; };
  91:Drivers/CMSIS/Include/cmsis_gcc.h ****   #pragma GCC diagnostic pop
  92:Drivers/CMSIS/Include/cmsis_gcc.h ****   #define __UNALIGNED_UINT16_READ(addr)          (((const struct T_UINT16_READ *)(const void *)(add
  93:Drivers/CMSIS/Include/cmsis_gcc.h **** #endif
  94:Drivers/CMSIS/Include/cmsis_gcc.h **** #ifndef   __UNALIGNED_UINT32_WRITE
  95:Drivers/CMSIS/Include/cmsis_gcc.h ****   #pragma GCC diagnostic push
  96:Drivers/CMSIS/Include/cmsis_gcc.h ****   #pragma GCC diagnostic ignored "-Wpacked"
  97:Drivers/CMSIS/Include/cmsis_gcc.h ****   #pragma GCC diagnostic ignored "-Wattributes"
  98:Drivers/CMSIS/Include/cmsis_gcc.h ****   __PACKED_STRUCT T_UINT32_WRITE { uint32_t v; };
  99:Drivers/CMSIS/Include/cmsis_gcc.h ****   #pragma GCC diagnostic pop
 100:Drivers/CMSIS/Include/cmsis_gcc.h ****   #define __UNALIGNED_UINT32_WRITE(addr, val)    (void)((((struct T_UINT32_WRITE *)(void *)(addr))-
 101:Drivers/CMSIS/Include/cmsis_gcc.h **** #endif
 102:Drivers/CMSIS/Include/cmsis_gcc.h **** #ifndef   __UNALIGNED_UINT32_READ
 103:Drivers/CMSIS/Include/cmsis_gcc.h ****   #pragma GCC diagnostic push
 104:Drivers/CMSIS/Include/cmsis_gcc.h ****   #pragma GCC diagnostic ignored "-Wpacked"
 105:Drivers/CMSIS/Include/cmsis_gcc.h ****   #pragma GCC diagnostic ignored "-Wattributes"
 106:Drivers/CMSIS/Include/cmsis_gcc.h ****   __PACKED_STRUCT T_UINT32_READ { uint32_t v; };
 107:Drivers/CMSIS/Include/cmsis_gcc.h ****   #pragma GCC diagnostic pop
ARM GAS  /tmp/ccAu6ABa.s 			page 6


 108:Drivers/CMSIS/Include/cmsis_gcc.h ****   #define __UNALIGNED_UINT32_READ(addr)          (((const struct T_UINT32_READ *)(const void *)(add
 109:Drivers/CMSIS/Include/cmsis_gcc.h **** #endif
 110:Drivers/CMSIS/Include/cmsis_gcc.h **** #ifndef   __ALIGNED
 111:Drivers/CMSIS/Include/cmsis_gcc.h ****   #define __ALIGNED(x)                           __attribute__((aligned(x)))
 112:Drivers/CMSIS/Include/cmsis_gcc.h **** #endif
 113:Drivers/CMSIS/Include/cmsis_gcc.h **** #ifndef   __RESTRICT
 114:Drivers/CMSIS/Include/cmsis_gcc.h ****   #define __RESTRICT                             __restrict
 115:Drivers/CMSIS/Include/cmsis_gcc.h **** #endif
 116:Drivers/CMSIS/Include/cmsis_gcc.h **** 
 117:Drivers/CMSIS/Include/cmsis_gcc.h **** 
 118:Drivers/CMSIS/Include/cmsis_gcc.h **** /* ###########################  Core Function Access  ########################### */
 119:Drivers/CMSIS/Include/cmsis_gcc.h **** /** \ingroup  CMSIS_Core_FunctionInterface
 120:Drivers/CMSIS/Include/cmsis_gcc.h ****     \defgroup CMSIS_Core_RegAccFunctions CMSIS Core Register Access Functions
 121:Drivers/CMSIS/Include/cmsis_gcc.h ****   @{
 122:Drivers/CMSIS/Include/cmsis_gcc.h ****  */
 123:Drivers/CMSIS/Include/cmsis_gcc.h **** 
 124:Drivers/CMSIS/Include/cmsis_gcc.h **** /**
 125:Drivers/CMSIS/Include/cmsis_gcc.h ****   \brief   Enable IRQ Interrupts
 126:Drivers/CMSIS/Include/cmsis_gcc.h ****   \details Enables IRQ interrupts by clearing the I-bit in the CPSR.
 127:Drivers/CMSIS/Include/cmsis_gcc.h ****            Can only be executed in Privileged modes.
 128:Drivers/CMSIS/Include/cmsis_gcc.h ****  */
 129:Drivers/CMSIS/Include/cmsis_gcc.h **** __STATIC_FORCEINLINE void __enable_irq(void)
 130:Drivers/CMSIS/Include/cmsis_gcc.h **** {
 131:Drivers/CMSIS/Include/cmsis_gcc.h ****   __ASM volatile ("cpsie i" : : : "memory");
 132:Drivers/CMSIS/Include/cmsis_gcc.h **** }
 133:Drivers/CMSIS/Include/cmsis_gcc.h **** 
 134:Drivers/CMSIS/Include/cmsis_gcc.h **** 
 135:Drivers/CMSIS/Include/cmsis_gcc.h **** /**
 136:Drivers/CMSIS/Include/cmsis_gcc.h ****   \brief   Disable IRQ Interrupts
 137:Drivers/CMSIS/Include/cmsis_gcc.h ****   \details Disables IRQ interrupts by setting the I-bit in the CPSR.
 138:Drivers/CMSIS/Include/cmsis_gcc.h ****            Can only be executed in Privileged modes.
 139:Drivers/CMSIS/Include/cmsis_gcc.h ****  */
 140:Drivers/CMSIS/Include/cmsis_gcc.h **** __STATIC_FORCEINLINE void __disable_irq(void)
 141:Drivers/CMSIS/Include/cmsis_gcc.h **** {
 142:Drivers/CMSIS/Include/cmsis_gcc.h ****   __ASM volatile ("cpsid i" : : : "memory");
  35              		.loc 2 142 0
  36              		.syntax unified
  37              	@ 142 "Drivers/CMSIS/Include/cmsis_gcc.h" 1
  38 0000 72B6     		cpsid i
  39              	@ 0 "" 2
  40              		.thumb
  41              		.syntax unified
  42              	.L2:
  43 0002 FEE7     		b	.L2
  44              	.LBE5:
  45              	.LBE4:
  46              		.cfi_endproc
  47              	.LFE67:
  49              		.section	.text.SystemClock_Config,"ax",%progbits
  50              		.align	1
  51              		.global	SystemClock_Config
  52              		.syntax unified
  53              		.thumb
  54              		.thumb_func
  55              		.fpu softvfp
  57              	SystemClock_Config:
  58              	.LFB66:
ARM GAS  /tmp/ccAu6ABa.s 			page 7


 105:Core/Src/main.c ****   RCC_OscInitTypeDef RCC_OscInitStruct = {0};
  59              		.loc 1 105 0
  60              		.cfi_startproc
  61              		@ args = 0, pretend = 0, frame = 64
  62              		@ frame_needed = 0, uses_anonymous_args = 0
  63 0000 00B5     		push	{lr}
  64              	.LCFI0:
  65              		.cfi_def_cfa_offset 4
  66              		.cfi_offset 14, -4
  67 0002 91B0     		sub	sp, sp, #68
  68              	.LCFI1:
  69              		.cfi_def_cfa_offset 72
 106:Core/Src/main.c ****   RCC_ClkInitTypeDef RCC_ClkInitStruct = {0};
  70              		.loc 1 106 0
  71 0004 2822     		movs	r2, #40
  72 0006 0021     		movs	r1, #0
  73 0008 06A8     		add	r0, sp, #24
  74 000a FFF7FEFF 		bl	memset
  75              	.LVL0:
 107:Core/Src/main.c **** 
  76              		.loc 1 107 0
  77 000e 0023     		movs	r3, #0
  78 0010 0193     		str	r3, [sp, #4]
  79 0012 0293     		str	r3, [sp, #8]
  80 0014 0393     		str	r3, [sp, #12]
  81 0016 0493     		str	r3, [sp, #16]
  82 0018 0593     		str	r3, [sp, #20]
 112:Core/Src/main.c ****   RCC_OscInitStruct.HSIState = RCC_HSI_ON;
  83              		.loc 1 112 0
  84 001a 0223     		movs	r3, #2
  85 001c 0693     		str	r3, [sp, #24]
 113:Core/Src/main.c ****   RCC_OscInitStruct.HSICalibrationValue = RCC_HSICALIBRATION_DEFAULT;
  86              		.loc 1 113 0
  87 001e 0123     		movs	r3, #1
  88 0020 0A93     		str	r3, [sp, #40]
 114:Core/Src/main.c ****   RCC_OscInitStruct.PLL.PLLState = RCC_PLL_NONE;
  89              		.loc 1 114 0
  90 0022 1023     		movs	r3, #16
  91 0024 0B93     		str	r3, [sp, #44]
 116:Core/Src/main.c ****   {
  92              		.loc 1 116 0
  93 0026 06A8     		add	r0, sp, #24
  94 0028 FFF7FEFF 		bl	HAL_RCC_OscConfig
  95              	.LVL1:
  96 002c 68B9     		cbnz	r0, .L7
 123:Core/Src/main.c ****                               |RCC_CLOCKTYPE_PCLK1|RCC_CLOCKTYPE_PCLK2;
  97              		.loc 1 123 0
  98 002e 0F23     		movs	r3, #15
  99 0030 0193     		str	r3, [sp, #4]
 125:Core/Src/main.c ****   RCC_ClkInitStruct.AHBCLKDivider = RCC_SYSCLK_DIV1;
 100              		.loc 1 125 0
 101 0032 0021     		movs	r1, #0
 102 0034 0291     		str	r1, [sp, #8]
 126:Core/Src/main.c ****   RCC_ClkInitStruct.APB1CLKDivider = RCC_HCLK_DIV1;
 103              		.loc 1 126 0
 104 0036 0391     		str	r1, [sp, #12]
 127:Core/Src/main.c ****   RCC_ClkInitStruct.APB2CLKDivider = RCC_HCLK_DIV1;
ARM GAS  /tmp/ccAu6ABa.s 			page 8


 105              		.loc 1 127 0
 106 0038 0491     		str	r1, [sp, #16]
 128:Core/Src/main.c **** 
 107              		.loc 1 128 0
 108 003a 0591     		str	r1, [sp, #20]
 130:Core/Src/main.c ****   {
 109              		.loc 1 130 0
 110 003c 01A8     		add	r0, sp, #4
 111 003e FFF7FEFF 		bl	HAL_RCC_ClockConfig
 112              	.LVL2:
 113 0042 20B9     		cbnz	r0, .L8
 134:Core/Src/main.c **** 
 114              		.loc 1 134 0
 115 0044 11B0     		add	sp, sp, #68
 116              	.LCFI2:
 117              		.cfi_remember_state
 118              		.cfi_def_cfa_offset 4
 119              		@ sp needed
 120 0046 5DF804FB 		ldr	pc, [sp], #4
 121              	.L7:
 122              	.LCFI3:
 123              		.cfi_restore_state
 118:Core/Src/main.c ****   }
 124              		.loc 1 118 0
 125 004a FFF7FEFF 		bl	Error_Handler
 126              	.LVL3:
 127              	.L8:
 132:Core/Src/main.c ****   }
 128              		.loc 1 132 0
 129 004e FFF7FEFF 		bl	Error_Handler
 130              	.LVL4:
 131              		.cfi_endproc
 132              	.LFE66:
 134              		.section	.text.main,"ax",%progbits
 135              		.align	1
 136              		.global	main
 137              		.syntax unified
 138              		.thumb
 139              		.thumb_func
 140              		.fpu softvfp
 142              	main:
 143              	.LFB65:
  63:Core/Src/main.c ****   /* USER CODE BEGIN 1 */
 144              		.loc 1 63 0
 145              		.cfi_startproc
 146              		@ Volatile: function does not return.
 147              		@ args = 0, pretend = 0, frame = 0
 148              		@ frame_needed = 0, uses_anonymous_args = 0
 149 0000 08B5     		push	{r3, lr}
 150              	.LCFI4:
 151              		.cfi_def_cfa_offset 8
 152              		.cfi_offset 3, -8
 153              		.cfi_offset 14, -4
  71:Core/Src/main.c **** 
 154              		.loc 1 71 0
 155 0002 FFF7FEFF 		bl	HAL_Init
 156              	.LVL5:
ARM GAS  /tmp/ccAu6ABa.s 			page 9


  78:Core/Src/main.c **** 
 157              		.loc 1 78 0
 158 0006 FFF7FEFF 		bl	SystemClock_Config
 159              	.LVL6:
 160              	.L10:
 161 000a FEE7     		b	.L10
 162              		.cfi_endproc
 163              	.LFE65:
 165              		.text
 166              	.Letext0:
 167              		.file 3 "/usr/include/newlib/machine/_default_types.h"
 168              		.file 4 "/usr/include/newlib/sys/_stdint.h"
 169              		.file 5 "Drivers/CMSIS/Include/core_cm3.h"
 170              		.file 6 "Drivers/CMSIS/Device/ST/STM32F1xx/Include/system_stm32f1xx.h"
 171              		.file 7 "Drivers/STM32F1xx_HAL_Driver/Inc/stm32f1xx_hal_rcc.h"
 172              		.file 8 "Drivers/STM32F1xx_HAL_Driver/Inc/stm32f1xx_hal_rcc_ex.h"
 173              		.file 9 "Drivers/STM32F1xx_HAL_Driver/Inc/stm32f1xx_hal_def.h"
 174              		.file 10 "Drivers/STM32F1xx_HAL_Driver/Inc/stm32f1xx_hal.h"
ARM GAS  /tmp/ccAu6ABa.s 			page 10


DEFINED SYMBOLS
                            *ABS*:0000000000000000 main.c
     /tmp/ccAu6ABa.s:16     .text.Error_Handler:0000000000000000 $t
     /tmp/ccAu6ABa.s:23     .text.Error_Handler:0000000000000000 Error_Handler
     /tmp/ccAu6ABa.s:50     .text.SystemClock_Config:0000000000000000 $t
     /tmp/ccAu6ABa.s:57     .text.SystemClock_Config:0000000000000000 SystemClock_Config
     /tmp/ccAu6ABa.s:135    .text.main:0000000000000000 $t
     /tmp/ccAu6ABa.s:142    .text.main:0000000000000000 main
                     .debug_frame:0000000000000010 $d

UNDEFINED SYMBOLS
memset
HAL_RCC_OscConfig
HAL_RCC_ClockConfig
HAL_Init
